<?xml version="1.0" encoding="UTF-8"?>
<Site BuildName="(empty)"
	BuildStamp="20260513-0502-Experimental"
	Name="(empty)"
	Generator="ctest-4.3.2"
	CompilerName=""
	CompilerVersion=""
	OSName="Linux"
	Hostname="DESKTOP-MAMA"
	OSRelease="6.6.114.1-microsoft-standard-WSL2"
	OSVersion="#1 SMP PREEMPT_DYNAMIC Mon Dec  1 20:46:23 UTC 2025"
	OSPlatform="x86_64"
	Is64Bits="1"
	VendorString="AuthenticAMD"
	VendorID="Advanced Micro Devices"
	FamilyID="25"
	ModelID="33"
	ModelName="AMD Ryzen 5 5600X 6-Core Processor"
	ProcessorCacheSize="512"
	NumberOfLogicalCPU="12"
	NumberOfPhysicalCPU="6"
	TotalVirtualMemory="2048"
	TotalPhysicalMemory="7895"
	LogicalProcessorsPerPhysical="2"
	ProcessorClockFrequency="3693.112061"
	>
	<Testing>
		<StartDateTime>May 13 08:11 MSK</StartDateTime>
		<StartTestTime>1778649112</StartTestTime>
		<TestList/>
		<EndDateTime>May 13 08:11 MSK</EndDateTime>
		<EndTestTime>1778649112</EndTestTime>
		<ElapsedMinutes>0</ElapsedMinutes>
	</Testing>
</Site>
